<?xml version="1.0" encoding="UTF-8"?>
<!-- Generated by org.testng.reporters.JUnitReportReporter -->
<testsuite hostname="ZSCHN01LP0426" failures="0" tests="5" name="orangeHRMS.TestScript" time="46.023" errors="0" timestamp="2023-07-27T13:23:28 IST" skipped="0">
  <testcase classname="orangeHRMS.TestScript" name="applicationInitialization" time="17.020"/>
  <system-out/>
  <testcase classname="orangeHRMS.TestScript" name="enteringLoginCredentials" time="1.655"/>
  <system-out/>
  <testcase classname="orangeHRMS.TestScript" name="addingAdminUser" time="16.269"/>
  <system-out/>
  <testcase classname="orangeHRMS.TestScript" name="addingPIMUser" time="8.908"/>
  <system-out/>
  <testcase classname="orangeHRMS.TestScript" name="addingBuzzNewsFeed" time="2.171"/>
  <system-out/>
</testsuite> <!-- orangeHRMS.TestScript -->
